c:\users\carlo\documents\github\starting out with c++ 8th\ch15_14\ch15_14\debug\vc141.pdb
c:\users\carlo\documents\github\starting out with c++ 8th\ch15_14\ch15_14\debug\vc141.idb
c:\users\carlo\documents\github\starting out with c++ 8th\ch15_14\ch15_14\debug\savingsaccount.nativecodeanalysis.xml
c:\users\carlo\documents\github\starting out with c++ 8th\ch15_14\ch15_14\debug\main.nativecodeanalysis.xml
c:\users\carlo\documents\github\starting out with c++ 8th\ch15_14\ch15_14\debug\checkingaccount.nativecodeanalysis.xml
c:\users\carlo\documents\github\starting out with c++ 8th\ch15_14\ch15_14\debug\account.nativecodeanalysis.xml
c:\users\carlo\documents\github\starting out with c++ 8th\ch15_14\ch15_14\debug\account.obj
c:\users\carlo\documents\github\starting out with c++ 8th\ch15_14\ch15_14\debug\checkingaccount.obj
c:\users\carlo\documents\github\starting out with c++ 8th\ch15_14\ch15_14\debug\main.obj
c:\users\carlo\documents\github\starting out with c++ 8th\ch15_14\ch15_14\debug\savingsaccount.obj
c:\users\carlo\documents\github\starting out with c++ 8th\ch15_14\debug\ch15_14.ilk
c:\users\carlo\documents\github\starting out with c++ 8th\ch15_14\debug\ch15_14.exe
c:\users\carlo\documents\github\starting out with c++ 8th\ch15_14\debug\ch15_14.pdb
c:\users\carlo\documents\github\starting out with c++ 8th\ch15_14\ch15_14\debug\nativecodeanalysis.read.1.tlog
c:\users\carlo\documents\github\starting out with c++ 8th\ch15_14\ch15_14\debug\vc.nativecodeanalysis.all.xml
c:\users\carlo\documents\github\starting out with c++ 8th\ch15_14\debug\ch15_14.exe.lastcodeanalysissucceeded
c:\users\carlo\documents\github\starting out with c++ 8th\ch15_14\ch15_14\debug\ch15_14.tlog\cl.command.1.tlog
c:\users\carlo\documents\github\starting out with c++ 8th\ch15_14\ch15_14\debug\ch15_14.tlog\cl.read.1.tlog
c:\users\carlo\documents\github\starting out with c++ 8th\ch15_14\ch15_14\debug\ch15_14.tlog\cl.write.1.tlog
c:\users\carlo\documents\github\starting out with c++ 8th\ch15_14\ch15_14\debug\ch15_14.tlog\link.command.1.tlog
c:\users\carlo\documents\github\starting out with c++ 8th\ch15_14\ch15_14\debug\ch15_14.tlog\link.read.1.tlog
c:\users\carlo\documents\github\starting out with c++ 8th\ch15_14\ch15_14\debug\ch15_14.tlog\link.write.1.tlog
